FW-MGR REPORT
Timestamp: 2026-03-29 05:29:48 UTC

Stories updated to Done:
- FIR-10
- FIR-1

Active lanes:
- none

Active tickets:
- none

Active PRs:
- none

Run actions:
- Reconciled backlog Story tickets before implementation and marked FIR-10 Done because all of its sub-tickets are Done
- Performed final completion reconciliation and marked FIR-1 Done because all firmware child stories are Done
- Confirmed PR #20 is merged and there are no open firmware PRs remaining
- No FW-ENG invocation was needed in this final pass
- No FW-CR invocation was needed in this final pass

Verification:
- Final GitHub check: no open PRs in jethao/SW
- Final Linear check: no remaining backlog issues in FIR for project AirHealth

Latest review history:
- PR #20 merged on 2026-03-29 05:28:28 UTC
- No unresolved actionable PR comments or review comments remain in the firmware queue
- Same-account GitHub approval restrictions were encountered during the workflow, but all active lanes reached approval-ready status before merge

Blocked or intentionally skipped:
- none

Manager stop reason:
- Firmware delivery queue is complete
- No open firmware PRs remain and no backlog firmware issues remain in FIR
